# JRE version: OpenJDK Runtime Environment (17.0.10) (build 17.0.10+0--11572160)
# Java VM: OpenJDK 64-Bit Server VM (17.0.10+0--11572160, mixed mode, tiered, compressed oops, compressed class ptrs, g1 gc, windows-amd64)
GC Precious Log:
 CPUs: 8 total, 8 available
 Memory: 5965M
 Large Page Support: Disabled
 NUMA Support: Disabled
 Compressed Oops: Enabled (32-bit)
 Heap Region Size: 1M
 Heap Min Capacity: 8M
 Heap Initial Capacity: 94M
 Heap Max Capacity: 2G
 Pre-touch: Disabled
 Parallel Workers: 8
 Concurrent Workers: 2
 Concurrent Refinement Workers: 8
 Periodic GC: Disabled
Heap:
 garbage-first heap   total 395264K, used 279338K [0x0000000080000000, 0x0000000100000000)
  region size 1024K, 8 young (8192K), 8 survivors (8192K)
 Metaspace       used 211581K, committed 212608K, reserved 1245184K
  class space    used 27569K, committed 28032K, reserved 1048576K
GC Heap History (20 events):
Event: 139.509 GC heap after
{Heap after GC invocations=111 (full 0):
 garbage-first heap   total 395264K, used 233994K [0x0000000080000000, 0x0000000100000000)
  region size 1024K, 4 young (4096K), 4 survivors (4096K)
 Metaspace       used 211223K, committed 212288K, reserved 1245184K
  class space    used 27555K, committed 28032K, reserved 1048576K
}
Event: 140.185 GC heap before
{Heap before GC invocations=111 (full 0):
 garbage-first heap   total 395264K, used 347658K [0x0000000080000000, 0x0000000100000000)
  region size 1024K, 116 young (118784K), 4 survivors (4096K)
 Metaspace       used 211301K, committed 212352K, reserved 1245184K
  class space    used 27558K, committed 28032K, reserved 1048576K
}
Event: 140.197 GC heap after
{Heap after GC invocations=112 (full 0):
 garbage-first heap   total 395264K, used 243392K [0x0000000080000000, 0x0000000100000000)
  region size 1024K, 13 young (13312K), 13 survivors (13312K)
 Metaspace       used 211301K, committed 212352K, reserved 1245184K
  class space    used 27558K, committed 28032K, reserved 1048576K
}
Event: 140.441 GC heap before
{Heap before GC invocations=112 (full 0):
 garbage-first heap   total 395264K, used 340672K [0x0000000080000000, 0x0000000100000000)
  region size 1024K, 109 young (111616K), 13 survivors (13312K)
 Metaspace       used 211313K, committed 212352K, reserved 1245184K
  class space    used 27558K, committed 28032K, reserved 1048576K
}
Event: 140.519 GC heap after
{Heap after GC invocations=113 (full 0):
 garbage-first heap   total 395264K, used 248756K [0x0000000080000000, 0x0000000100000000)
  region size 1024K, 6 young (6144K), 6 survivors (6144K)
 Metaspace       used 211313K, committed 212352K, reserved 1245184K
  class space    used 27558K, committed 28032K, reserved 1048576K
}
Event: 140.777 GC heap before
{Heap before GC invocations=113 (full 0):
 garbage-first heap   total 395264K, used 341940K [0x0000000080000000, 0x0000000100000000)
  region size 1024K, 97 young (99328K), 6 survivors (6144K)
 Metaspace       used 211350K, committed 212352K, reserved 1245184K
  class space    used 27558K, committed 28032K, reserved 1048576K
}
Event: 140.785 GC heap after
{Heap after GC invocations=114 (full 0):
 garbage-first heap   total 395264K, used 249922K [0x0000000080000000, 0x0000000100000000)
  region size 1024K, 7 young (7168K), 7 survivors (7168K)
 Metaspace       used 211350K, committed 212352K, reserved 1245184K
  class space    used 27558K, committed 28032K, reserved 1048576K
}
Event: 141.116 GC heap before
{Heap before GC invocations=114 (full 0):
 garbage-first heap   total 395264K, used 342082K [0x0000000080000000, 0x0000000100000000)
  region size 1024K, 98 young (100352K), 7 survivors (7168K)
 Metaspace       used 211408K, committed 212416K, reserved 1245184K
  class space    used 27560K, committed 28032K, reserved 1048576K
}
Event: 141.124 GC heap after
{Heap after GC invocations=115 (full 0):
 garbage-first heap   total 395264K, used 251253K [0x0000000080000000, 0x0000000100000000)
  region size 1024K, 9 young (9216K), 9 survivors (9216K)
 Metaspace       used 211408K, committed 212416K, reserved 1245184K
  class space    used 27560K, committed 28032K, reserved 1048576K
}
Event: 141.445 GC heap before
{Heap before GC invocations=115 (full 0):
 garbage-first heap   total 395264K, used 343413K [0x0000000080000000, 0x0000000100000000)
  region size 1024K, 99 young (101376K), 9 survivors (9216K)
 Metaspace       used 211456K, committed 212480K, reserved 1245184K
  class space    used 27563K, committed 28032K, reserved 1048576K
}
Event: 141.460 GC heap after
{Heap after GC invocations=116 (full 0):
 garbage-first heap   total 395264K, used 252801K [0x0000000080000000, 0x0000000100000000)
  region size 1024K, 7 young (7168K), 7 survivors (7168K)
 Metaspace       used 211456K, committed 212480K, reserved 1245184K
  class space    used 27563K, committed 28032K, reserved 1048576K
}
Event: 141.832 GC heap before
{Heap before GC invocations=116 (full 0):
 garbage-first heap   total 395264K, used 343937K [0x0000000080000000, 0x0000000100000000)
  region size 1024K, 97 young (99328K), 7 survivors (7168K)
 Metaspace       used 211488K, committed 212480K, reserved 1245184K
  class space    used 27566K, committed 28032K, reserved 1048576K
}
Event: 141.839 GC heap after
{Heap after GC invocations=117 (full 0):
 garbage-first heap   total 395264K, used 254218K [0x0000000080000000, 0x0000000100000000)
  region size 1024K, 8 young (8192K), 8 survivors (8192K)
 Metaspace       used 211488K, committed 212480K, reserved 1245184K
  class space    used 27566K, committed 28032K, reserved 1048576K
}
Event: 142.177 GC heap before
{Heap before GC invocations=117 (full 0):
 garbage-first heap   total 395264K, used 345354K [0x0000000080000000, 0x0000000100000000)
  region size 1024K, 97 young (99328K), 8 survivors (8192K)
 Metaspace       used 211523K, committed 212544K, reserved 1245184K
  class space    used 27566K, committed 28032K, reserved 1048576K
}
Event: 142.187 GC heap after
{Heap after GC invocations=118 (full 0):
 garbage-first heap   total 395264K, used 260362K [0x0000000080000000, 0x0000000100000000)
  region size 1024K, 12 young (12288K), 12 survivors (12288K)
 Metaspace       used 211523K, committed 212544K, reserved 1245184K
  class space    used 27566K, committed 28032K, reserved 1048576K
}
Event: 142.437 GC heap before
{Heap before GC invocations=118 (full 0):
 garbage-first heap   total 395264K, used 341258K [0x0000000080000000, 0x0000000100000000)
  region size 1024K, 92 young (94208K), 12 survivors (12288K)
 Metaspace       used 211556K, committed 212544K, reserved 1245184K
  class space    used 27568K, committed 28032K, reserved 1048576K
}
Event: 142.470 GC heap after
{Heap after GC invocations=119 (full 0):
 garbage-first heap   total 395264K, used 266240K [0x0000000080000000, 0x0000000100000000)
  region size 1024K, 12 young (12288K), 12 survivors (12288K)
 Metaspace       used 211556K, committed 212544K, reserved 1245184K
  class space    used 27568K, committed 28032K, reserved 1048576K
}
Event: 142.716 GC heap before
{Heap before GC invocations=119 (full 0):
 garbage-first heap   total 395264K, used 342016K [0x0000000080000000, 0x0000000100000000)
  region size 1024K, 86 young (88064K), 12 survivors (12288K)
 Metaspace       used 211580K, committed 212608K, reserved 1245184K
  class space    used 27569K, committed 28032K, reserved 1048576K
}
Event: 142.733 GC heap after
{Heap after GC invocations=120 (full 0):
 garbage-first heap   total 395264K, used 272288K [0x0000000080000000, 0x0000000100000000)
  region size 1024K, 7 young (7168K), 7 survivors (7168K)
 Metaspace       used 211580K, committed 212608K, reserved 1245184K
  class space    used 27569K, committed 28032K, reserved 1048576K
}
Event: 142.931 GC heap before
{Heap before GC invocations=120 (full 0):
 garbage-first heap   total 395264K, used 340896K [0x0000000080000000, 0x0000000100000000)
  region size 1024K, 74 young (75776K), 7 survivors (7168K)
 Metaspace       used 211581K, committed 212608K, reserved 1245184K
  class space    used 27569K, committed 28032K, reserved 1048576K
}

