# JRE version: OpenJDK Runtime Environment (17.0.10) (build 17.0.10+0--11572160)
# Java VM: OpenJDK 64-Bit Server VM (17.0.10+0--11572160, mixed mode, tiered, compressed oops, compressed class ptrs, g1 gc, windows-amd64)
GC Precious Log:
 CPUs: 8 total, 8 available
 Memory: 5965M
 Large Page Support: Disabled
 NUMA Support: Disabled
 Compressed Oops: Enabled (32-bit)
 Heap Region Size: 1M
 Heap Min Capacity: 8M
 Heap Initial Capacity: 94M
 Heap Max Capacity: 2G
 Pre-touch: Disabled
 Parallel Workers: 8
 Concurrent Workers: 2
 Concurrent Refinement Workers: 8
 Periodic GC: Disabled
Heap:
 garbage-first heap   total 164864K, used 113588K [0x0000000080000000, 0x0000000100000000)
  region size 1024K, 5 young (5120K), 4 survivors (4096K)
 Metaspace       used 108653K, committed 109504K, reserved 1179648K
  class space    used 15035K, committed 15424K, reserved 1048576K
GC Heap History (20 events):
Event: 51.721 GC heap before
{Heap before GC invocations=44 (full 0):
 garbage-first heap   total 164864K, used 134261K [0x0000000080000000, 0x0000000100000000)
  region size 1024K, 43 young (44032K), 2 survivors (2048K)
 Metaspace       used 93680K, committed 94400K, reserved 1179648K
  class space    used 12934K, committed 13312K, reserved 1048576K
}
Event: 51.725 GC heap after
{Heap after GC invocations=45 (full 0):
 garbage-first heap   total 164864K, used 93777K [0x0000000080000000, 0x0000000100000000)
  region size 1024K, 4 young (4096K), 4 survivors (4096K)
 Metaspace       used 93680K, committed 94400K, reserved 1179648K
  class space    used 12934K, committed 13312K, reserved 1048576K
}
Event: 54.228 GC heap before
{Heap before GC invocations=45 (full 0):
 garbage-first heap   total 164864K, used 135761K [0x0000000080000000, 0x0000000100000000)
  region size 1024K, 45 young (46080K), 4 survivors (4096K)
 Metaspace       used 96785K, committed 97536K, reserved 1179648K
  class space    used 13371K, committed 13696K, reserved 1048576K
}
Event: 54.236 GC heap after
{Heap after GC invocations=46 (full 0):
 garbage-first heap   total 164864K, used 95816K [0x0000000080000000, 0x0000000100000000)
  region size 1024K, 4 young (4096K), 4 survivors (4096K)
 Metaspace       used 96785K, committed 97536K, reserved 1179648K
  class space    used 13371K, committed 13696K, reserved 1048576K
}
Event: 57.197 GC heap before
{Heap before GC invocations=46 (full 0):
 garbage-first heap   total 164864K, used 137800K [0x0000000080000000, 0x0000000100000000)
  region size 1024K, 45 young (46080K), 4 survivors (4096K)
 Metaspace       used 99836K, committed 100544K, reserved 1179648K
  class space    used 13861K, committed 14208K, reserved 1048576K
}
Event: 57.205 GC heap after
{Heap after GC invocations=47 (full 0):
 garbage-first heap   total 164864K, used 97666K [0x0000000080000000, 0x0000000100000000)
  region size 1024K, 5 young (5120K), 5 survivors (5120K)
 Metaspace       used 99836K, committed 100544K, reserved 1179648K
  class space    used 13861K, committed 14208K, reserved 1048576K
}
Event: 60.000 GC heap before
{Heap before GC invocations=47 (full 0):
 garbage-first heap   total 164864K, used 137602K [0x0000000080000000, 0x0000000100000000)
  region size 1024K, 44 young (45056K), 5 survivors (5120K)
 Metaspace       used 103419K, committed 104192K, reserved 1179648K
  class space    used 14316K, committed 14720K, reserved 1048576K
}
Event: 60.009 GC heap after
{Heap after GC invocations=48 (full 0):
 garbage-first heap   total 164864K, used 100113K [0x0000000080000000, 0x0000000100000000)
  region size 1024K, 5 young (5120K), 5 survivors (5120K)
 Metaspace       used 103419K, committed 104192K, reserved 1179648K
  class space    used 14316K, committed 14720K, reserved 1048576K
}
Event: 62.117 GC heap before
{Heap before GC invocations=48 (full 0):
 garbage-first heap   total 164864K, used 138001K [0x0000000080000000, 0x0000000100000000)
  region size 1024K, 42 young (43008K), 5 survivors (5120K)
 Metaspace       used 106053K, committed 106816K, reserved 1179648K
  class space    used 14752K, committed 15168K, reserved 1048576K
}
Event: 62.125 GC heap after
{Heap after GC invocations=49 (full 0):
 garbage-first heap   total 164864K, used 103713K [0x0000000080000000, 0x0000000100000000)
  region size 1024K, 6 young (6144K), 6 survivors (6144K)
 Metaspace       used 106053K, committed 106816K, reserved 1179648K
  class space    used 14752K, committed 15168K, reserved 1048576K
}
Event: 64.675 GC heap before
{Heap before GC invocations=49 (full 0):
 garbage-first heap   total 164864K, used 137505K [0x0000000080000000, 0x0000000100000000)
  region size 1024K, 40 young (40960K), 6 survivors (6144K)
 Metaspace       used 106433K, committed 107264K, reserved 1179648K
  class space    used 14790K, committed 15168K, reserved 1048576K
}
Event: 64.687 GC heap after
{Heap after GC invocations=50 (full 0):
 garbage-first heap   total 164864K, used 108586K [0x0000000080000000, 0x0000000100000000)
  region size 1024K, 5 young (5120K), 5 survivors (5120K)
 Metaspace       used 106433K, committed 107264K, reserved 1179648K
  class space    used 14790K, committed 15168K, reserved 1048576K
}
Event: 65.618 GC heap before
{Heap before GC invocations=50 (full 0):
 garbage-first heap   total 164864K, used 136234K [0x0000000080000000, 0x0000000100000000)
  region size 1024K, 33 young (33792K), 5 survivors (5120K)
 Metaspace       used 106553K, committed 107328K, reserved 1179648K
  class space    used 14791K, committed 15168K, reserved 1048576K
}
Event: 65.627 GC heap after
{Heap after GC invocations=51 (full 0):
 garbage-first heap   total 164864K, used 110050K [0x0000000080000000, 0x0000000100000000)
  region size 1024K, 4 young (4096K), 4 survivors (4096K)
 Metaspace       used 106553K, committed 107328K, reserved 1179648K
  class space    used 14791K, committed 15168K, reserved 1048576K
}
Event: 66.628 GC heap before
{Heap before GC invocations=51 (full 0):
 garbage-first heap   total 164864K, used 138722K [0x0000000080000000, 0x0000000100000000)
  region size 1024K, 32 young (32768K), 4 survivors (4096K)
 Metaspace       used 106629K, committed 107456K, reserved 1179648K
  class space    used 14792K, committed 15168K, reserved 1048576K
}
Event: 66.632 GC heap after
{Heap after GC invocations=52 (full 0):
 garbage-first heap   total 164864K, used 110416K [0x0000000080000000, 0x0000000100000000)
  region size 1024K, 4 young (4096K), 4 survivors (4096K)
 Metaspace       used 106629K, committed 107456K, reserved 1179648K
  class space    used 14792K, committed 15168K, reserved 1048576K
}
Event: 68.478 GC heap before
{Heap before GC invocations=52 (full 0):
 garbage-first heap   total 164864K, used 143184K [0x0000000080000000, 0x0000000100000000)
  region size 1024K, 31 young (31744K), 4 survivors (4096K)
 Metaspace       used 108386K, committed 109184K, reserved 1179648K
  class space    used 14999K, committed 15424K, reserved 1048576K
}
Event: 68.485 GC heap after
{Heap after GC invocations=53 (full 0):
 garbage-first heap   total 164864K, used 112144K [0x0000000080000000, 0x0000000100000000)
  region size 1024K, 4 young (4096K), 4 survivors (4096K)
 Metaspace       used 108386K, committed 109184K, reserved 1179648K
  class space    used 14999K, committed 15424K, reserved 1048576K
}
Event: 69.589 GC heap before
{Heap before GC invocations=53 (full 0):
 garbage-first heap   total 164864K, used 133648K [0x0000000080000000, 0x0000000100000000)
  region size 1024K, 24 young (24576K), 4 survivors (4096K)
 Metaspace       used 108551K, committed 109376K, reserved 1179648K
  class space    used 15015K, committed 15424K, reserved 1048576K
}
Event: 69.599 GC heap after
{Heap after GC invocations=54 (full 0):
 garbage-first heap   total 164864K, used 113588K [0x0000000080000000, 0x0000000100000000)
  region size 1024K, 4 young (4096K), 4 survivors (4096K)
 Metaspace       used 108551K, committed 109376K, reserved 1179648K
  class space    used 15015K, committed 15424K, reserved 1048576K
}

