# JRE version: OpenJDK Runtime Environment (17.0.10) (build 17.0.10+0--11572160)
# Java VM: OpenJDK 64-Bit Server VM (17.0.10+0--11572160, mixed mode, tiered, compressed oops, compressed class ptrs, g1 gc, windows-amd64)
GC Precious Log:
 CPUs: 8 total, 8 available
 Memory: 5965M
 Large Page Support: Disabled
 NUMA Support: Disabled
 Compressed Oops: Enabled (32-bit)
 Heap Region Size: 1M
 Heap Min Capacity: 8M
 Heap Initial Capacity: 94M
 Heap Max Capacity: 2G
 Pre-touch: Disabled
 Parallel Workers: 8
 Concurrent Workers: 2
 Concurrent Refinement Workers: 8
 Periodic GC: Disabled
Heap:
 garbage-first heap   total 81920K, used 43689K [0x0000000080000000, 0x0000000100000000)
  region size 1024K, 1 young (1024K), 1 survivors (1024K)
 Metaspace       used 56978K, committed 57536K, reserved 1114112K
  class space    used 7834K, committed 8128K, reserved 1048576K
GC Heap History (20 events):
Event: 8.487 GC heap after
{Heap after GC invocations=13 (full 0):
 garbage-first heap   total 71680K, used 33143K [0x0000000080000000, 0x0000000100000000)
  region size 1024K, 2 young (2048K), 2 survivors (2048K)
 Metaspace       used 47971K, committed 48448K, reserved 1114112K
  class space    used 6570K, committed 6784K, reserved 1048576K
}
Event: 9.046 GC heap before
{Heap before GC invocations=13 (full 0):
 garbage-first heap   total 71680K, used 55671K [0x0000000080000000, 0x0000000100000000)
  region size 1024K, 24 young (24576K), 2 survivors (2048K)
 Metaspace       used 50892K, committed 51328K, reserved 1114112K
  class space    used 7033K, committed 7232K, reserved 1048576K
}
Event: 9.049 GC heap after
{Heap after GC invocations=14 (full 0):
 garbage-first heap   total 71680K, used 34679K [0x0000000080000000, 0x0000000100000000)
  region size 1024K, 3 young (3072K), 3 survivors (3072K)
 Metaspace       used 50892K, committed 51328K, reserved 1114112K
  class space    used 7033K, committed 7232K, reserved 1048576K
}
Event: 9.296 GC heap before
{Heap before GC invocations=15 (full 0):
 garbage-first heap   total 71680K, used 45862K [0x0000000080000000, 0x0000000100000000)
  region size 1024K, 16 young (16384K), 3 survivors (3072K)
 Metaspace       used 52238K, committed 52672K, reserved 1114112K
  class space    used 7268K, committed 7488K, reserved 1048576K
}
Event: 9.299 GC heap after
{Heap after GC invocations=16 (full 0):
 garbage-first heap   total 71680K, used 35428K [0x0000000080000000, 0x0000000100000000)
  region size 1024K, 1 young (1024K), 1 survivors (1024K)
 Metaspace       used 52238K, committed 52672K, reserved 1114112K
  class space    used 7268K, committed 7488K, reserved 1048576K
}
Event: 9.941 GC heap before
{Heap before GC invocations=17 (full 0):
 garbage-first heap   total 71680K, used 60004K [0x0000000080000000, 0x0000000100000000)
  region size 1024K, 23 young (23552K), 1 survivors (1024K)
 Metaspace       used 55380K, committed 56000K, reserved 1114112K
  class space    used 7642K, committed 7936K, reserved 1048576K
}
Event: 9.944 GC heap after
{Heap after GC invocations=18 (full 0):
 garbage-first heap   total 71680K, used 36463K [0x0000000080000000, 0x0000000100000000)
  region size 1024K, 2 young (2048K), 2 survivors (2048K)
 Metaspace       used 55380K, committed 56000K, reserved 1114112K
  class space    used 7642K, committed 7936K, reserved 1048576K
}
Event: 10.672 GC heap before
{Heap before GC invocations=18 (full 0):
 garbage-first heap   total 71680K, used 56943K [0x0000000080000000, 0x0000000100000000)
  region size 1024K, 23 young (23552K), 2 survivors (2048K)
 Metaspace       used 56438K, committed 56960K, reserved 1114112K
  class space    used 7799K, committed 8064K, reserved 1048576K
}
Event: 10.679 GC heap after
{Heap after GC invocations=19 (full 0):
 garbage-first heap   total 71680K, used 40945K [0x0000000080000000, 0x0000000100000000)
  region size 1024K, 3 young (3072K), 3 survivors (3072K)
 Metaspace       used 56438K, committed 56960K, reserved 1114112K
  class space    used 7799K, committed 8064K, reserved 1048576K
}
Event: 10.918 GC heap before
{Heap before GC invocations=20 (full 0):
 garbage-first heap   total 73728K, used 55281K [0x0000000080000000, 0x0000000100000000)
  region size 1024K, 18 young (18432K), 3 survivors (3072K)
 Metaspace       used 56578K, committed 57152K, reserved 1114112K
  class space    used 7800K, committed 8064K, reserved 1048576K
}
Event: 10.922 GC heap after
{Heap after GC invocations=21 (full 0):
 garbage-first heap   total 73728K, used 43136K [0x0000000080000000, 0x0000000100000000)
  region size 1024K, 3 young (3072K), 3 survivors (3072K)
 Metaspace       used 56578K, committed 57152K, reserved 1114112K
  class space    used 7800K, committed 8064K, reserved 1048576K
}
Event: 10.938 GC heap before
{Heap before GC invocations=21 (full 0):
 garbage-first heap   total 73728K, used 43136K [0x0000000080000000, 0x0000000100000000)
  region size 1024K, 4 young (4096K), 3 survivors (3072K)
 Metaspace       used 56581K, committed 57152K, reserved 1114112K
  class space    used 7800K, committed 8064K, reserved 1048576K
}
Event: 10.940 GC heap after
{Heap after GC invocations=22 (full 0):
 garbage-first heap   total 73728K, used 43341K [0x0000000080000000, 0x0000000100000000)
  region size 1024K, 1 young (1024K), 1 survivors (1024K)
 Metaspace       used 56581K, committed 57152K, reserved 1114112K
  class space    used 7800K, committed 8064K, reserved 1048576K
}
Event: 11.100 GC heap before
{Heap before GC invocations=22 (full 0):
 garbage-first heap   total 73728K, used 56653K [0x0000000080000000, 0x0000000100000000)
  region size 1024K, 15 young (15360K), 1 survivors (1024K)
 Metaspace       used 56683K, committed 57216K, reserved 1114112K
  class space    used 7800K, committed 8064K, reserved 1048576K
}
Event: 11.102 GC heap after
{Heap after GC invocations=23 (full 0):
 garbage-first heap   total 73728K, used 45586K [0x0000000080000000, 0x0000000100000000)
  region size 1024K, 2 young (2048K), 2 survivors (2048K)
 Metaspace       used 56683K, committed 57216K, reserved 1114112K
  class space    used 7800K, committed 8064K, reserved 1048576K
}
Event: 11.314 GC heap before
{Heap before GC invocations=24 (full 0):
 garbage-first heap   total 81920K, used 56850K [0x0000000080000000, 0x0000000100000000)
  region size 1024K, 14 young (14336K), 2 survivors (2048K)
 Metaspace       used 56916K, committed 57536K, reserved 1114112K
  class space    used 7831K, committed 8128K, reserved 1048576K
}
Event: 11.318 GC heap after
{Heap after GC invocations=25 (full 0):
 garbage-first heap   total 81920K, used 46697K [0x0000000080000000, 0x0000000100000000)
  region size 1024K, 2 young (2048K), 2 survivors (2048K)
 Metaspace       used 56916K, committed 57536K, reserved 1114112K
  class space    used 7831K, committed 8128K, reserved 1048576K
}
Event: 11.356 GC heap before
{Heap before GC invocations=25 (full 0):
 garbage-first heap   total 81920K, used 48745K [0x0000000080000000, 0x0000000100000000)
  region size 1024K, 4 young (4096K), 2 survivors (2048K)
 Metaspace       used 56925K, committed 57536K, reserved 1114112K
  class space    used 7831K, committed 8128K, reserved 1048576K
}
Event: 11.358 GC heap after
{Heap after GC invocations=26 (full 0):
 garbage-first heap   total 81920K, used 43706K [0x0000000080000000, 0x0000000100000000)
  region size 1024K, 1 young (1024K), 1 survivors (1024K)
 Metaspace       used 56925K, committed 57536K, reserved 1114112K
  class space    used 7831K, committed 8128K, reserved 1048576K
}
Event: 11.434 GC heap before
{Heap before GC invocations=26 (full 0):
 garbage-first heap   total 81920K, used 45754K [0x0000000080000000, 0x0000000100000000)
  region size 1024K, 4 young (4096K), 1 survivors (1024K)
 Metaspace       used 56978K, committed 57536K, reserved 1114112K
  class space    used 7834K, committed 8128K, reserved 1048576K
}

